This file contains any messages produced by compilers while
running configure, to aid debugging if configure makes a mistake.

It was created by supercat configure 0.5.5, which was
generated by GNU Autoconf 2.61.  Invocation command line was

  $ ./configure 

## --------- ##
## Platform. ##
## --------- ##

hostname = lgml-spetrow
uname -m = x86_64
uname -r = 15.4.0
uname -s = Darwin
uname -v = Darwin Kernel Version 15.4.0: Fri Feb 26 22:08:05 PST 2016; root:xnu-3248.40.184~3/RELEASE_X86_64

/usr/bin/uname -p = i386
/bin/uname -X     = unknown

/bin/arch              = unknown
/usr/bin/arch -k       = unknown
/usr/convex/getsysinfo = unknown
/usr/bin/hostinfo      = Mach kernel version:
	 Darwin Kernel Version 15.4.0: Fri Feb 26 22:08:05 PST 2016; root:xnu-3248.40.184~3/RELEASE_X86_64
Kernel configured for up to 8 processors.
4 processors are physically available.
8 processors are logically available.
Processor type: x86_64h (Intel x86-64h Haswell)
Processors active: 0 1 2 3 4 5 6 7
Primary memory available: 16.00 gigabytes
Default processor set: 513 tasks, 2989 threads, 8 processors
Load average: 3.30, Mach factor: 4.98
/bin/machine           = unknown
/usr/bin/oslevel       = unknown
/bin/universe          = unknown

PATH: /Users/spetrow/.rvm/gems/ruby-2.3.0/bin
PATH: /Users/spetrow/.rvm/gems/ruby-2.3.0@global/bin
PATH: /Users/spetrow/.rvm/rubies/ruby-2.3.0/bin
PATH: /Users/spetrow/.gvm/vertx/current/bin
PATH: /Users/spetrow/.gvm/springboot/current/bin
PATH: /Users/spetrow/.gvm/lazybones/current/bin
PATH: /Users/spetrow/.gvm/jbake/current/bin
PATH: /Users/spetrow/.gvm/groovyserv/current/bin
PATH: /Users/spetrow/.gvm/groovy/current/bin
PATH: /Users/spetrow/.gvm/griffon/current/bin
PATH: /Users/spetrow/.gvm/grails/current/bin
PATH: /Users/spetrow/.gvm/gradle/current/bin
PATH: /Users/spetrow/.gvm/glide/current/bin
PATH: /Users/spetrow/.gvm/gaiden/current/bin
PATH: /Users/spetrow/.gvm/crash/current/bin
PATH: /Users/spetrow/.gvm/asciidoctorj/current/bin
PATH: /usr/local/bin
PATH: /usr/local/sbin
PATH: /usr/local/bin
PATH: /usr/local/bin
PATH: /usr/bin
PATH: /bin
PATH: /usr/sbin
PATH: /sbin
PATH: /opt/X11/bin
PATH: /usr/local/git/bin
PATH: /Users/spetrow/.rvm/bin


## ----------- ##
## Core tests. ##
## ----------- ##

configure:1781: checking for a BSD-compatible install
configure:1837: result: /usr/local/bin/ginstall -c
configure:1848: checking whether build environment is sane
configure:1891: result: yes
configure:1919: checking for a thread-safe mkdir -p
configure:1958: result: /usr/local/bin/gmkdir -p
configure:1971: checking for gawk
configure:2001: result: no
configure:1971: checking for mawk
configure:2001: result: no
configure:1971: checking for nawk
configure:2001: result: no
configure:1971: checking for awk
configure:1987: found /usr/bin/awk
configure:1998: result: awk
configure:2009: checking whether make sets $(MAKE)
configure:2030: result: yes
configure:2272: checking for gcc
configure:2288: found /usr/bin/gcc
configure:2299: result: gcc
configure:2537: checking for C compiler version
configure:2544: gcc --version >&5
Configured with: --prefix=/Library/Developer/CommandLineTools/usr --with-gxx-include-dir=/usr/include/c++/4.2.1
Apple LLVM version 7.3.0 (clang-703.0.29)
Target: x86_64-apple-darwin15.4.0
Thread model: posix
InstalledDir: /Library/Developer/CommandLineTools/usr/bin
configure:2547: $? = 0
configure:2554: gcc -v >&5
Configured with: --prefix=/Library/Developer/CommandLineTools/usr --with-gxx-include-dir=/usr/include/c++/4.2.1
Apple LLVM version 7.3.0 (clang-703.0.29)
Target: x86_64-apple-darwin15.4.0
Thread model: posix
InstalledDir: /Library/Developer/CommandLineTools/usr/bin
configure:2557: $? = 0
configure:2564: gcc -V >&5
clang: error: argument to '-V' is missing (expected 1 value)
clang: error: no input files
configure:2567: $? = 1
configure:2590: checking for C compiler default output file name
configure:2617: gcc    conftest.c  >&5
configure:2620: $? = 0
configure:2658: result: a.out
configure:2675: checking whether the C compiler works
configure:2685: ./a.out
configure:2688: $? = 0
configure:2705: result: yes
configure:2712: checking whether we are cross compiling
configure:2714: result: no
configure:2717: checking for suffix of executables
configure:2724: gcc -o conftest    conftest.c  >&5
configure:2727: $? = 0
configure:2751: result: 
configure:2757: checking for suffix of object files
configure:2783: gcc -c   conftest.c >&5
configure:2786: $? = 0
configure:2809: result: o
configure:2813: checking whether we are using the GNU C compiler
configure:2842: gcc -c   conftest.c >&5
configure:2848: $? = 0
configure:2865: result: yes
configure:2870: checking whether gcc accepts -g
configure:2900: gcc -c -g  conftest.c >&5
configure:2906: $? = 0
configure:3005: result: yes
configure:3022: checking for gcc option to accept ISO C89
configure:3096: gcc  -c -g -O2  conftest.c >&5
configure:3102: $? = 0
configure:3125: result: none needed
configure:3154: checking for style of include used by make
configure:3182: result: GNU
configure:3207: checking dependency style of gcc
configure:3298: result: gcc3
configure:3314: checking for an ANSI C-conforming const
configure:3389: gcc -c -g -O2  conftest.c >&5
configure:3395: $? = 0
configure:3410: result: yes
configure:3425: checking how to run the C preprocessor
configure:3465: gcc -E  conftest.c
configure:3471: $? = 0
configure:3502: gcc -E  conftest.c
conftest.c:10:10: fatal error: 'ac_nonexistent.h' file not found
#include <ac_nonexistent.h>
         ^
1 error generated.
configure:3508: $? = 1
configure: failed program was:
| /* confdefs.h.  */
| #define PACKAGE_NAME "supercat"
| #define PACKAGE_TARNAME "supercat"
| #define PACKAGE_VERSION "0.5.5"
| #define PACKAGE_STRING "supercat 0.5.5"
| #define PACKAGE_BUGREPORT "bug-spc@nosredna.net"
| #define PACKAGE "supercat"
| #define VERSION "0.5.5"
| /* end confdefs.h.  */
| #include <ac_nonexistent.h>
configure:3541: result: gcc -E
configure:3570: gcc -E  conftest.c
configure:3576: $? = 0
configure:3607: gcc -E  conftest.c
conftest.c:10:10: fatal error: 'ac_nonexistent.h' file not found
#include <ac_nonexistent.h>
         ^
1 error generated.
configure:3613: $? = 1
configure: failed program was:
| /* confdefs.h.  */
| #define PACKAGE_NAME "supercat"
| #define PACKAGE_TARNAME "supercat"
| #define PACKAGE_VERSION "0.5.5"
| #define PACKAGE_STRING "supercat 0.5.5"
| #define PACKAGE_BUGREPORT "bug-spc@nosredna.net"
| #define PACKAGE "supercat"
| #define VERSION "0.5.5"
| /* end confdefs.h.  */
| #include <ac_nonexistent.h>
configure:3651: checking for grep that handles long lines and -e
configure:3725: result: /usr/bin/grep
configure:3730: checking for egrep
configure:3808: result: /usr/bin/grep -E
configure:3813: checking for ANSI C header files
configure:3843: gcc -c -g -O2  conftest.c >&5
configure:3849: $? = 0
configure:3948: gcc -o conftest -g -O2   conftest.c  >&5
configure:3951: $? = 0
configure:3957: ./conftest
configure:3960: $? = 0
configure:3977: result: yes
configure:3987: checking whether struct tm is in sys/time.h or time.h
configure:4017: gcc -c -g -O2  conftest.c >&5
configure:4023: $? = 0
configure:4038: result: time.h
configure:4062: checking for sys/types.h
configure:4083: gcc -c -g -O2  conftest.c >&5
configure:4089: $? = 0
configure:4105: result: yes
configure:4062: checking for sys/stat.h
configure:4083: gcc -c -g -O2  conftest.c >&5
configure:4089: $? = 0
configure:4105: result: yes
configure:4062: checking for stdlib.h
configure:4083: gcc -c -g -O2  conftest.c >&5
configure:4089: $? = 0
configure:4105: result: yes
configure:4062: checking for string.h
configure:4083: gcc -c -g -O2  conftest.c >&5
configure:4089: $? = 0
configure:4105: result: yes
configure:4062: checking for memory.h
configure:4083: gcc -c -g -O2  conftest.c >&5
configure:4089: $? = 0
configure:4105: result: yes
configure:4062: checking for strings.h
configure:4083: gcc -c -g -O2  conftest.c >&5
configure:4089: $? = 0
configure:4105: result: yes
configure:4062: checking for inttypes.h
configure:4083: gcc -c -g -O2  conftest.c >&5
configure:4089: $? = 0
configure:4105: result: yes
configure:4062: checking for stdint.h
configure:4083: gcc -c -g -O2  conftest.c >&5
configure:4089: $? = 0
configure:4105: result: yes
configure:4062: checking for unistd.h
configure:4083: gcc -c -g -O2  conftest.c >&5
configure:4089: $? = 0
configure:4105: result: yes
configure:4117: checking whether lstat dereferences a symlink specified with a trailing slash
configure:4153: gcc -o conftest -g -O2   conftest.c  >&5
configure:4156: $? = 0
configure:4162: ./conftest
configure:4165: $? = 1
configure: program exited with status 1
configure: failed program was:
| /* confdefs.h.  */
| #define PACKAGE_NAME "supercat"
| #define PACKAGE_TARNAME "supercat"
| #define PACKAGE_VERSION "0.5.5"
| #define PACKAGE_STRING "supercat 0.5.5"
| #define PACKAGE_BUGREPORT "bug-spc@nosredna.net"
| #define PACKAGE "supercat"
| #define VERSION "0.5.5"
| #define STDC_HEADERS 1
| #define HAVE_SYS_TYPES_H 1
| #define HAVE_SYS_STAT_H 1
| #define HAVE_STDLIB_H 1
| #define HAVE_STRING_H 1
| #define HAVE_MEMORY_H 1
| #define HAVE_STRINGS_H 1
| #define HAVE_INTTYPES_H 1
| #define HAVE_STDINT_H 1
| #define HAVE_UNISTD_H 1
| /* end confdefs.h.  */
| #include <stdio.h>
| #ifdef HAVE_SYS_TYPES_H
| # include <sys/types.h>
| #endif
| #ifdef HAVE_SYS_STAT_H
| # include <sys/stat.h>
| #endif
| #ifdef STDC_HEADERS
| # include <stdlib.h>
| # include <stddef.h>
| #else
| # ifdef HAVE_STDLIB_H
| #  include <stdlib.h>
| # endif
| #endif
| #ifdef HAVE_STRING_H
| # if !defined STDC_HEADERS && defined HAVE_MEMORY_H
| #  include <memory.h>
| # endif
| # include <string.h>
| #endif
| #ifdef HAVE_STRINGS_H
| # include <strings.h>
| #endif
| #ifdef HAVE_INTTYPES_H
| # include <inttypes.h>
| #endif
| #ifdef HAVE_STDINT_H
| # include <stdint.h>
| #endif
| #ifdef HAVE_UNISTD_H
| # include <unistd.h>
| #endif
| int
| main ()
| {
| struct stat sbuf;
|      /* Linux will dereference the symlink and fail.
| 	That is better in the sense that it means we will not
| 	have to compile and use the lstat wrapper.  */
|      return lstat ("conftest.sym/", &sbuf) == 0;
|   ;
|   return 0;
| }
configure:4188: result: no
configure:4207: checking whether stat accepts an empty string
configure:4237: gcc -o conftest -g -O2   conftest.c  >&5
configure:4240: $? = 0
configure:4246: ./conftest
configure:4249: $? = 0
configure:4265: result: no
configure:4286: checking for stdlib.h
configure:4292: result: yes
configure:4426: checking for GNU libc compatible malloc
configure:4460: gcc -o conftest -g -O2   conftest.c  >&5
configure:4463: $? = 0
configure:4469: ./conftest
configure:4472: $? = 0
configure:4488: result: yes
configure:4524: checking for memset
configure:4580: gcc -o conftest -g -O2   conftest.c  >&5
conftest.c:45:6: warning: incompatible redeclaration of library function 'memset' [-Wincompatible-library-redeclaration]
char memset ();
     ^
conftest.c:45:6: note: 'memset' is a builtin with type 'void *(void *, int, unsigned long)'
1 warning generated.
configure:4586: $? = 0
configure:4604: result: yes
configure:4524: checking for regcomp
configure:4580: gcc -o conftest -g -O2   conftest.c  >&5
configure:4586: $? = 0
configure:4604: result: yes
configure:4524: checking for strchr
configure:4580: gcc -o conftest -g -O2   conftest.c  >&5
conftest.c:47:6: warning: incompatible redeclaration of library function 'strchr' [-Wincompatible-library-redeclaration]
char strchr ();
     ^
conftest.c:47:6: note: 'strchr' is a builtin with type 'char *(const char *, int)'
1 warning generated.
configure:4586: $? = 0
configure:4604: result: yes
configure:4524: checking for strstr
configure:4580: gcc -o conftest -g -O2   conftest.c  >&5
conftest.c:48:6: warning: incompatible redeclaration of library function 'strstr' [-Wincompatible-library-redeclaration]
char strstr ();
     ^
conftest.c:48:6: note: 'strstr' is a builtin with type 'char *(const char *, const char *)'
1 warning generated.
configure:4586: $? = 0
configure:4604: result: yes
configure:4524: checking for strerror
configure:4580: gcc -o conftest -g -O2   conftest.c  >&5
conftest.c:49:6: warning: incompatible redeclaration of library function 'strerror' [-Wincompatible-library-redeclaration]
char strerror ();
     ^
conftest.c:49:6: note: 'strerror' is a builtin with type 'char *(int)'
1 warning generated.
configure:4586: $? = 0
configure:4604: result: yes
configure:4629: checking for unistd.h
configure:4635: result: yes
configure:4629: checking for sys/stat.h
configure:4635: result: yes
configure:4639: checking time.h usability
configure:4656: gcc -c -g -O2  conftest.c >&5
configure:4662: $? = 0
configure:4676: result: yes
configure:4680: checking time.h presence
configure:4695: gcc -E  conftest.c
configure:4701: $? = 0
configure:4715: result: yes
configure:4748: checking for time.h
configure:4756: result: yes
configure:4639: checking stdio.h usability
configure:4656: gcc -c -g -O2  conftest.c >&5
configure:4662: $? = 0
configure:4676: result: yes
configure:4680: checking stdio.h presence
configure:4695: gcc -E  conftest.c
configure:4701: $? = 0
configure:4715: result: yes
configure:4748: checking for stdio.h
configure:4756: result: yes
configure:4629: checking for stdlib.h
configure:4635: result: yes
configure:4629: checking for sys/types.h
configure:4635: result: yes
configure:4639: checking regex.h usability
configure:4656: gcc -c -g -O2  conftest.c >&5
configure:4662: $? = 0
configure:4676: result: yes
configure:4680: checking regex.h presence
configure:4695: gcc -E  conftest.c
configure:4701: $? = 0
configure:4715: result: yes
configure:4748: checking for regex.h
configure:4756: result: yes
configure:4639: checking getopt.h usability
configure:4656: gcc -c -g -O2  conftest.c >&5
configure:4662: $? = 0
configure:4676: result: yes
configure:4680: checking getopt.h presence
configure:4695: gcc -E  conftest.c
configure:4701: $? = 0
configure:4715: result: yes
configure:4748: checking for getopt.h
configure:4756: result: yes
configure:4629: checking for string.h
configure:4635: result: yes
configure:4639: checking stdarg.h usability
configure:4656: gcc -c -g -O2  conftest.c >&5
configure:4662: $? = 0
configure:4676: result: yes
configure:4680: checking stdarg.h presence
configure:4695: gcc -E  conftest.c
configure:4701: $? = 0
configure:4715: result: yes
configure:4748: checking for stdarg.h
configure:4756: result: yes
configure:4639: checking errno.h usability
configure:4656: gcc -c -g -O2  conftest.c >&5
configure:4662: $? = 0
configure:4676: result: yes
configure:4680: checking errno.h presence
configure:4695: gcc -E  conftest.c
configure:4701: $? = 0
configure:4715: result: yes
configure:4748: checking for errno.h
configure:4756: result: yes
configure:4771: checking where to install the spcrc files
configure:4781: result: /etc/supercat
configure:4799: checking for a BSD-compatible install
configure:4855: result: /usr/local/bin/ginstall -c
configure:4984: creating ./config.status

## ---------------------- ##
## Running config.status. ##
## ---------------------- ##

This file was extended by supercat config.status 0.5.5, which was
generated by GNU Autoconf 2.61.  Invocation command line was

  CONFIG_FILES    = 
  CONFIG_HEADERS  = 
  CONFIG_LINKS    = 
  CONFIG_COMMANDS = 
  $ ./config.status 

on lgml-spetrow

config.status:639: creating Makefile
config.status:639: creating src/Makefile
config.status:639: creating doc/Makefile
config.status:639: creating spcrc/Makefile
config.status:639: creating config.h
config.status:929: executing depfiles commands

## ---------------- ##
## Cache variables. ##
## ---------------- ##

ac_cv_c_compiler_gnu=yes
ac_cv_c_const=yes
ac_cv_env_CC_set=
ac_cv_env_CC_value=
ac_cv_env_CFLAGS_set=
ac_cv_env_CFLAGS_value=
ac_cv_env_CPPFLAGS_set=
ac_cv_env_CPPFLAGS_value=
ac_cv_env_CPP_set=
ac_cv_env_CPP_value=
ac_cv_env_LDFLAGS_set=
ac_cv_env_LDFLAGS_value=
ac_cv_env_LIBS_set=
ac_cv_env_LIBS_value=
ac_cv_env_build_alias_set=
ac_cv_env_build_alias_value=
ac_cv_env_host_alias_set=
ac_cv_env_host_alias_value=
ac_cv_env_target_alias_set=
ac_cv_env_target_alias_value=
ac_cv_func_lstat_dereferences_slashed_symlink=no
ac_cv_func_malloc_0_nonnull=yes
ac_cv_func_memset=yes
ac_cv_func_regcomp=yes
ac_cv_func_stat_empty_string_bug=no
ac_cv_func_strchr=yes
ac_cv_func_strerror=yes
ac_cv_func_strstr=yes
ac_cv_header_errno_h=yes
ac_cv_header_getopt_h=yes
ac_cv_header_inttypes_h=yes
ac_cv_header_memory_h=yes
ac_cv_header_regex_h=yes
ac_cv_header_stdarg_h=yes
ac_cv_header_stdc=yes
ac_cv_header_stdint_h=yes
ac_cv_header_stdio_h=yes
ac_cv_header_stdlib_h=yes
ac_cv_header_string_h=yes
ac_cv_header_strings_h=yes
ac_cv_header_sys_stat_h=yes
ac_cv_header_sys_types_h=yes
ac_cv_header_time_h=yes
ac_cv_header_unistd_h=yes
ac_cv_objext=o
ac_cv_path_EGREP='/usr/bin/grep -E'
ac_cv_path_GREP=/usr/bin/grep
ac_cv_path_install='/usr/local/bin/ginstall -c'
ac_cv_path_mkdir=/usr/local/bin/gmkdir
ac_cv_prog_AWK=awk
ac_cv_prog_CPP='gcc -E'
ac_cv_prog_ac_ct_CC=gcc
ac_cv_prog_cc_c89=
ac_cv_prog_cc_g=yes
ac_cv_prog_make_make_set=yes
ac_cv_struct_tm=time.h
am_cv_CC_dependencies_compiler_type=gcc3

## ----------------- ##
## Output variables. ##
## ----------------- ##

ACLOCAL='${SHELL} /Users/spetrow/Downloads/supercat-0.5.5/missing --run aclocal-1.10'
AMDEPBACKSLASH='\'
AMDEP_FALSE='#'
AMDEP_TRUE=''
AMTAR='${SHELL} /Users/spetrow/Downloads/supercat-0.5.5/missing --run tar'
AUTOCONF='${SHELL} /Users/spetrow/Downloads/supercat-0.5.5/missing --run autoconf'
AUTOHEADER='${SHELL} /Users/spetrow/Downloads/supercat-0.5.5/missing --run autoheader'
AUTOMAKE='${SHELL} /Users/spetrow/Downloads/supercat-0.5.5/missing --run automake-1.10'
AWK='awk'
CC='gcc'
CCDEPMODE='depmode=gcc3'
CFLAGS='-g -O2'
CPP='gcc -E'
CPPFLAGS=''
CYGPATH_W='echo'
DEFS='-DHAVE_CONFIG_H'
DEPDIR='.deps'
ECHO_C='ECHO_N=''
ECHO_T=''
EGREP='/usr/bin/grep -E'
EXEEXT=''
GREP='/usr/bin/grep'
INSTALL_DATA='${INSTALL} -m 644'
INSTALL_PROGRAM='${INSTALL}'
INSTALL_SCRIPT='${INSTALL}'
INSTALL_STRIP_PROGRAM='$(install_sh) -c -s'
LDFLAGS=''
LIBOBJS=' ${LIBOBJDIR}lstat$U.o'
LIBS=''
LTLIBOBJS=' ${LIBOBJDIR}lstat$U.lo'
MAKEINFO='${SHELL} /Users/spetrow/Downloads/supercat-0.5.5/missing --run makeinfo'
OBJEXT='o'
PACKAGE='supercat'
PACKAGE_BUGREPORT='bug-spc@nosredna.net'
PACKAGE_NAME='supercat'
PACKAGE_STRING='supercat 0.5.5'
PACKAGE_TARNAME='supercat'
PACKAGE_VERSION='0.5.5'
PATH_SEPARATOR=':'
SET_MAKE=''
SHELL='/bin/sh'
STRIP=''
SYSTEM_DIRECTORY='/etc/supercat'
VERSION='0.5.5'
ac_ct_CC='gcc'
am__fastdepCC_FALSE='#'
am__fastdepCC_TRUE=''
am__include='include'
am__isrc=''
am__leading_dot='.'
am__quote=''
am__tar='${AMTAR} chof - "$$tardir"'
am__untar='${AMTAR} xf -'
bindir='${exec_prefix}/bin'
build_alias=''
datadir='${datarootdir}'
datarootdir='${prefix}/share'
docdir='${datarootdir}/doc/${PACKAGE_TARNAME}'
dvidir='${docdir}'
exec_prefix='${prefix}'
host_alias=''
htmldir='${docdir}'
includedir='${prefix}/include'
infodir='${datarootdir}/info'
install_sh='$(SHELL) /Users/spetrow/Downloads/supercat-0.5.5/install-sh'
libdir='${exec_prefix}/lib'
libexecdir='${exec_prefix}/libexec'
localedir='${datarootdir}/locale'
localstatedir='${prefix}/var'
mandir='${datarootdir}/man'
mkdir_p='/usr/local/bin/gmkdir -p'
oldincludedir='/usr/include'
pdfdir='${docdir}'
prefix='/usr/local'
program_transform_name='s,x,x,'
psdir='${docdir}'
sbindir='${exec_prefix}/sbin'
sharedstatedir='${prefix}/com'
sysconfdir='${prefix}/etc'
target_alias=''

## ----------- ##
## confdefs.h. ##
## ----------- ##

#define PACKAGE_NAME "supercat"
#define PACKAGE_TARNAME "supercat"
#define PACKAGE_VERSION "0.5.5"
#define PACKAGE_STRING "supercat 0.5.5"
#define PACKAGE_BUGREPORT "bug-spc@nosredna.net"
#define PACKAGE "supercat"
#define VERSION "0.5.5"
#define STDC_HEADERS 1
#define HAVE_SYS_TYPES_H 1
#define HAVE_SYS_STAT_H 1
#define HAVE_STDLIB_H 1
#define HAVE_STRING_H 1
#define HAVE_MEMORY_H 1
#define HAVE_STRINGS_H 1
#define HAVE_INTTYPES_H 1
#define HAVE_STDINT_H 1
#define HAVE_UNISTD_H 1
#define HAVE_STDLIB_H 1
#define HAVE_MALLOC 1
#define HAVE_MEMSET 1
#define HAVE_REGCOMP 1
#define HAVE_STRCHR 1
#define HAVE_STRSTR 1
#define HAVE_STRERROR 1
#define HAVE_UNISTD_H 1
#define HAVE_SYS_STAT_H 1
#define HAVE_TIME_H 1
#define HAVE_STDIO_H 1
#define HAVE_STDLIB_H 1
#define HAVE_SYS_TYPES_H 1
#define HAVE_REGEX_H 1
#define HAVE_GETOPT_H 1
#define HAVE_STRING_H 1
#define HAVE_STDARG_H 1
#define HAVE_ERRNO_H 1

configure: exit 0
